[2022-04-19 13:18:35,044] multiqc                                            [DEBUG  ]  This is MultiQC v1.12
[2022-04-19 13:18:35,045] multiqc                                            [DEBUG  ]  No MultiQC config found: /home/mr/.local/lib/python3.8/site-packages/multiqc_config.yaml
[2022-04-19 13:18:35,045] multiqc                                            [DEBUG  ]  No MultiQC config found: /home/mr/.multiqc_config.yaml
[2022-04-19 13:18:35,045] multiqc                                            [DEBUG  ]  No MultiQC config found: multiqc_config.yaml
[2022-04-19 13:18:35,045] multiqc                                            [DEBUG  ]  Command used: /home/mr/.local/bin/multiqc -o multiqc_report1raw -i Raw --pdf fastqc_report1raw/
[2022-04-19 13:18:35,368] multiqc                                            [DEBUG  ]  Latest MultiQC version is v1.12
[2022-04-19 13:18:35,368] multiqc                                            [DEBUG  ]  Command     : /home/mr/.local/bin/multiqc -o multiqc_report1raw -i Raw --pdf fastqc_report1raw/
[2022-04-19 13:18:35,368] multiqc                                            [DEBUG  ]  Working dir : /home/mr/kurchatnik/data
[2022-04-19 13:18:35,368] multiqc                                            [INFO   ]  --pdf specified. Using non-interactive HTML template.
[2022-04-19 13:18:35,368] multiqc                                            [DEBUG  ]  Template    : simple
[2022-04-19 13:18:35,369] multiqc                                            [DEBUG  ]  Running Python 3.8.10 (default, Nov 26 2021, 20:14:08)  [GCC 9.3.0]
[2022-04-19 13:18:35,369] multiqc                                            [INFO   ]  Report title: Raw
[2022-04-19 13:18:35,370] multiqc                                            [DEBUG  ]  Analysing modules: custom_content, ccs, ngsderive, purple, conpair, lima, peddy, somalier, methylQA, mosdepth, phantompeakqualtools, qualimap, preseq, quast, qorts, rna_seqc, rockhopper, rsem, rseqc, busco, bustools, goleft_indexcov, gffcompare, disambiguate, supernova, deeptools, sargasso, verifybamid, mirtrace, happy, mirtop, sambamba, homer, hops, macs2, theta2, snpeff, gatk, htseq, bcftools, featureCounts, fgbio, dragen, dedup, pbmarkdup, damageprofiler, biobambam2, jcvi, mtnucratio, picard, vep, sentieon, prokka, qc3C, nanostat, samblaster, samtools, sexdeterrmine, eigenstratdatabasetools, bamtools, jellyfish, vcftools, longranger, stacks, varscan2, snippy, bbmap, bismark, biscuit, hicexplorer, hicup, hicpro, salmon, kallisto, slamdunk, star, hisat2, tophat, bowtie2, bowtie1, snpsplit, odgi, pangolin, kat, leehom, adapterRemoval, clipandmerge, cutadapt, flexbar, kaiju, kraken, malt, trimmomatic, sickle, skewer, sortmerna, biobloomtools, fastq_screen, afterqc, fastp, fastqc, pychopper, pycoqc, minionqc, multivcfanalyzer, clusterflow, checkqc, bcl2fastq, bclconvert, interop, ivar, flash, seqyclean, optitype, whatshap
[2022-04-19 13:18:35,370] multiqc                                            [DEBUG  ]  Using temporary directory for creating report: /tmp/tmpivhoavbf
[2022-04-19 13:18:35,502] multiqc                                            [INFO   ]  Search path : /home/mr/kurchatnik/data/fastqc_report1raw
[2022-04-19 13:18:35,535] multiqc                                            [DEBUG  ]  File ignored by ccs/v4 because it exceeded search pattern filesize limit: ВГС кант2V350045595_L04_82_2_fastqc.html
[2022-04-19 13:18:35,537] multiqc                                            [DEBUG  ]  File ignored by hicexplorer because it exceeded search pattern filesize limit: ВГС кант2V350045595_L04_82_2_fastqc.html
[2022-04-19 13:18:35,537] multiqc                                            [DEBUG  ]  File ignored by lima/summary because it exceeded search pattern filesize limit: ВГС кант2V350045595_L04_82_2_fastqc.html
[2022-04-19 13:18:35,541] multiqc                                            [DEBUG  ]  File ignored by vep/vep_txt because it exceeded search pattern filesize limit: ВГС кант2V350045595_L04_82_2_fastqc.html
[2022-04-19 13:18:35,541] multiqc                                            [DEBUG  ]  File ignored by longranger/invocation because it exceeded search pattern filesize limit: ВГС кант2V350045595_L04_82_2_fastqc.html
[2022-04-19 13:18:35,541] multiqc                                            [DEBUG  ]  File ignored by rockhopper because it exceeded search pattern filesize limit: ВГС кант2V350045595_L04_82_2_fastqc.html
[2022-04-19 13:18:35,541] multiqc                                            [DEBUG  ]  File ignored by rseqc/bam_stat because it exceeded search pattern filesize limit: ВГС кант2V350045595_L04_82_2_fastqc.html
[2022-04-19 13:18:35,541] multiqc                                            [DEBUG  ]  File ignored by rseqc/junction_annotation because it exceeded search pattern filesize limit: ВГС кант2V350045595_L04_82_2_fastqc.html
[2022-04-19 13:18:35,541] multiqc                                            [DEBUG  ]  File ignored by rseqc/read_distribution because it exceeded search pattern filesize limit: ВГС кант2V350045595_L04_82_2_fastqc.html
[2022-04-19 13:18:35,541] multiqc                                            [DEBUG  ]  File ignored by rseqc/infer_experiment because it exceeded search pattern filesize limit: ВГС кант2V350045595_L04_82_2_fastqc.html
[2022-04-19 13:18:35,627] multiqc                                            [DEBUG  ]  File ignored by nanostat because it exceeded search pattern filesize limit: ВГС кант2V350045595_L04_82_2_fastqc.html
[2022-04-19 13:18:35,641] multiqc                                            [DEBUG  ]  File ignored by ccs/v4 because it exceeded search pattern filesize limit: ВГС кант1V350045595_L04_81_2_fastqc.html
[2022-04-19 13:18:35,643] multiqc                                            [DEBUG  ]  File ignored by hicexplorer because it exceeded search pattern filesize limit: ВГС кант1V350045595_L04_81_2_fastqc.html
[2022-04-19 13:18:35,643] multiqc                                            [DEBUG  ]  File ignored by lima/summary because it exceeded search pattern filesize limit: ВГС кант1V350045595_L04_81_2_fastqc.html
[2022-04-19 13:18:35,645] multiqc                                            [DEBUG  ]  File ignored by vep/vep_txt because it exceeded search pattern filesize limit: ВГС кант1V350045595_L04_81_2_fastqc.html
[2022-04-19 13:18:35,645] multiqc                                            [DEBUG  ]  File ignored by longranger/invocation because it exceeded search pattern filesize limit: ВГС кант1V350045595_L04_81_2_fastqc.html
[2022-04-19 13:18:35,646] multiqc                                            [DEBUG  ]  File ignored by rockhopper because it exceeded search pattern filesize limit: ВГС кант1V350045595_L04_81_2_fastqc.html
[2022-04-19 13:18:35,646] multiqc                                            [DEBUG  ]  File ignored by rseqc/bam_stat because it exceeded search pattern filesize limit: ВГС кант1V350045595_L04_81_2_fastqc.html
[2022-04-19 13:18:35,646] multiqc                                            [DEBUG  ]  File ignored by rseqc/junction_annotation because it exceeded search pattern filesize limit: ВГС кант1V350045595_L04_81_2_fastqc.html
[2022-04-19 13:18:35,646] multiqc                                            [DEBUG  ]  File ignored by rseqc/read_distribution because it exceeded search pattern filesize limit: ВГС кант1V350045595_L04_81_2_fastqc.html
[2022-04-19 13:18:35,646] multiqc                                            [DEBUG  ]  File ignored by rseqc/infer_experiment because it exceeded search pattern filesize limit: ВГС кант1V350045595_L04_81_2_fastqc.html
[2022-04-19 13:18:35,727] multiqc                                            [DEBUG  ]  File ignored by nanostat because it exceeded search pattern filesize limit: ВГС кант1V350045595_L04_81_2_fastqc.html
[2022-04-19 13:18:35,737] multiqc                                            [DEBUG  ]  File ignored by ccs/v4 because it exceeded search pattern filesize limit: ВГС кант1V350045595_L04_81_1_fastqc.html
[2022-04-19 13:18:35,738] multiqc                                            [DEBUG  ]  File ignored by hicexplorer because it exceeded search pattern filesize limit: ВГС кант1V350045595_L04_81_1_fastqc.html
[2022-04-19 13:18:35,739] multiqc                                            [DEBUG  ]  File ignored by lima/summary because it exceeded search pattern filesize limit: ВГС кант1V350045595_L04_81_1_fastqc.html
[2022-04-19 13:18:35,741] multiqc                                            [DEBUG  ]  File ignored by vep/vep_txt because it exceeded search pattern filesize limit: ВГС кант1V350045595_L04_81_1_fastqc.html
[2022-04-19 13:18:35,741] multiqc                                            [DEBUG  ]  File ignored by longranger/invocation because it exceeded search pattern filesize limit: ВГС кант1V350045595_L04_81_1_fastqc.html
[2022-04-19 13:18:35,741] multiqc                                            [DEBUG  ]  File ignored by rockhopper because it exceeded search pattern filesize limit: ВГС кант1V350045595_L04_81_1_fastqc.html
[2022-04-19 13:18:35,741] multiqc                                            [DEBUG  ]  File ignored by rseqc/bam_stat because it exceeded search pattern filesize limit: ВГС кант1V350045595_L04_81_1_fastqc.html
[2022-04-19 13:18:35,741] multiqc                                            [DEBUG  ]  File ignored by rseqc/junction_annotation because it exceeded search pattern filesize limit: ВГС кант1V350045595_L04_81_1_fastqc.html
[2022-04-19 13:18:35,742] multiqc                                            [DEBUG  ]  File ignored by rseqc/read_distribution because it exceeded search pattern filesize limit: ВГС кант1V350045595_L04_81_1_fastqc.html
[2022-04-19 13:18:35,742] multiqc                                            [DEBUG  ]  File ignored by rseqc/infer_experiment because it exceeded search pattern filesize limit: ВГС кант1V350045595_L04_81_1_fastqc.html
[2022-04-19 13:18:35,824] multiqc                                            [DEBUG  ]  File ignored by nanostat because it exceeded search pattern filesize limit: ВГС кант1V350045595_L04_81_1_fastqc.html
[2022-04-19 13:18:35,835] multiqc                                            [DEBUG  ]  File ignored by ccs/v4 because it exceeded search pattern filesize limit: ВГС кант2V350045595_L04_82_1_fastqc.html
[2022-04-19 13:18:35,836] multiqc                                            [DEBUG  ]  File ignored by hicexplorer because it exceeded search pattern filesize limit: ВГС кант2V350045595_L04_82_1_fastqc.html
[2022-04-19 13:18:35,837] multiqc                                            [DEBUG  ]  File ignored by lima/summary because it exceeded search pattern filesize limit: ВГС кант2V350045595_L04_82_1_fastqc.html
[2022-04-19 13:18:35,839] multiqc                                            [DEBUG  ]  File ignored by vep/vep_txt because it exceeded search pattern filesize limit: ВГС кант2V350045595_L04_82_1_fastqc.html
[2022-04-19 13:18:35,839] multiqc                                            [DEBUG  ]  File ignored by longranger/invocation because it exceeded search pattern filesize limit: ВГС кант2V350045595_L04_82_1_fastqc.html
[2022-04-19 13:18:35,839] multiqc                                            [DEBUG  ]  File ignored by rockhopper because it exceeded search pattern filesize limit: ВГС кант2V350045595_L04_82_1_fastqc.html
[2022-04-19 13:18:35,839] multiqc                                            [DEBUG  ]  File ignored by rseqc/bam_stat because it exceeded search pattern filesize limit: ВГС кант2V350045595_L04_82_1_fastqc.html
[2022-04-19 13:18:35,840] multiqc                                            [DEBUG  ]  File ignored by rseqc/junction_annotation because it exceeded search pattern filesize limit: ВГС кант2V350045595_L04_82_1_fastqc.html
[2022-04-19 13:18:35,840] multiqc                                            [DEBUG  ]  File ignored by rseqc/read_distribution because it exceeded search pattern filesize limit: ВГС кант2V350045595_L04_82_1_fastqc.html
[2022-04-19 13:18:35,840] multiqc                                            [DEBUG  ]  File ignored by rseqc/infer_experiment because it exceeded search pattern filesize limit: ВГС кант2V350045595_L04_82_1_fastqc.html
[2022-04-19 13:18:35,917] multiqc                                            [DEBUG  ]  File ignored by nanostat because it exceeded search pattern filesize limit: ВГС кант2V350045595_L04_82_1_fastqc.html
[2022-04-19 13:18:36,599] multiqc.plots.linegraph                            [DEBUG  ]  Using matplotlib version 3.5.1
[2022-04-19 13:18:36,600] multiqc.plots.bargraph                             [DEBUG  ]  Using matplotlib version 3.5.1
[2022-04-19 13:18:36,633] multiqc.modules.fastqc.fastqc                      [INFO   ]  Found 4 reports
[2022-04-19 13:18:39,568] multiqc                                            [INFO   ]  Compressing plot data
[2022-04-19 13:18:39,572] multiqc                                            [INFO   ]  Report      : multiqc_report1raw/Raw_multiqc_report.html
[2022-04-19 13:18:39,572] multiqc                                            [INFO   ]  Data        : multiqc_report1raw/Raw_multiqc_report_data
[2022-04-19 13:18:39,572] multiqc                                            [DEBUG  ]  Moving data file from '/tmp/tmpivhoavbf/multiqc_data' to 'multiqc_report1raw/Raw_multiqc_report_data'
[2022-04-19 13:18:39,639] multiqc                                            [DEBUG  ]  Attempting Pandoc conversion to PDF with following command:
pandoc --standalone multiqc_report1raw/Raw_multiqc_report.html --output multiqc_report1raw/Raw_multiqc_report.pdf --pdf-engine=xelatex -V documentclass=article -V geometry=margin=1in -V title=
[2022-04-19 13:18:41,568] multiqc                                            [ERROR  ]  Error creating PDF! Pandoc returned a non-zero exit code.
[2022-04-19 13:18:41,568] multiqc                                            [INFO   ]  MultiQC complete
