[2022-04-21 12:35:12,480] multiqc                                            [DEBUG  ]  This is MultiQC v1.12
[2022-04-21 12:35:12,481] multiqc                                            [DEBUG  ]  No MultiQC config found: /mnt/lustre/kpotoh/tools/python_env/lib/python3.8/site-packages/multiqc_config.yaml
[2022-04-21 12:35:12,482] multiqc                                            [DEBUG  ]  No MultiQC config found: /home/kpotoh/.multiqc_config.yaml
[2022-04-21 12:35:12,483] multiqc                                            [DEBUG  ]  No MultiQC config found: multiqc_config.yaml
[2022-04-21 12:35:12,483] multiqc                                            [DEBUG  ]  Command used: /mnt/lustre/kpotoh/tools/python_env/bin/multiqc data/QC/fastqc_report2trk -o data/QC/multiqc_report2trk -i Trimmed
[2022-04-21 12:35:13,305] multiqc                                            [DEBUG  ]  Latest MultiQC version is v1.12
[2022-04-21 12:35:13,305] multiqc                                            [DEBUG  ]  Command     : /mnt/lustre/kpotoh/tools/python_env/bin/multiqc data/QC/fastqc_report2trk -o data/QC/multiqc_report2trk -i Trimmed
[2022-04-21 12:35:13,305] multiqc                                            [DEBUG  ]  Working dir : /mnt/lustre/kpotoh/spain_beasts
[2022-04-21 12:35:13,305] multiqc                                            [DEBUG  ]  Template    : default
[2022-04-21 12:35:13,305] multiqc                                            [DEBUG  ]  Running Python 3.8.8 (default, Apr 13 2021, 19:58:26)  [GCC 7.3.0]
[2022-04-21 12:35:13,306] multiqc                                            [INFO   ]  Report title: Trimmed
[2022-04-21 12:35:13,307] multiqc                                            [DEBUG  ]  Analysing modules: custom_content, ccs, ngsderive, purple, conpair, lima, peddy, somalier, methylQA, mosdepth, phantompeakqualtools, qualimap, preseq, quast, qorts, rna_seqc, rockhopper, rsem, rseqc, busco, bustools, goleft_indexcov, gffcompare, disambiguate, supernova, deeptools, sargasso, verifybamid, mirtrace, happy, mirtop, sambamba, homer, hops, macs2, theta2, snpeff, gatk, htseq, bcftools, featureCounts, fgbio, dragen, dedup, pbmarkdup, damageprofiler, biobambam2, jcvi, mtnucratio, picard, vep, sentieon, prokka, qc3C, nanostat, samblaster, samtools, sexdeterrmine, eigenstratdatabasetools, bamtools, jellyfish, vcftools, longranger, stacks, varscan2, snippy, bbmap, bismark, biscuit, hicexplorer, hicup, hicpro, salmon, kallisto, slamdunk, star, hisat2, tophat, bowtie2, bowtie1, snpsplit, odgi, pangolin, kat, leehom, adapterRemoval, clipandmerge, cutadapt, flexbar, kaiju, kraken, malt, trimmomatic, sickle, skewer, sortmerna, biobloomtools, fastq_screen, afterqc, fastp, fastqc, pychopper, pycoqc, minionqc, multivcfanalyzer, clusterflow, checkqc, bcl2fastq, bclconvert, interop, ivar, flash, seqyclean, optitype, whatshap
[2022-04-21 12:35:13,554] multiqc                                            [DEBUG  ]  Using temporary directory for creating report: /tmp/tmp_fm1mg_m
[2022-04-21 12:35:14,628] multiqc                                            [INFO   ]  Search path : /mnt/lustre/kpotoh/spain_beasts/data/QC/fastqc_report2trk
[2022-04-21 12:35:14,965] multiqc                                            [DEBUG  ]  File ignored by ccs/v4 because it exceeded search pattern filesize limit: kant2_f_unp_fastqc.html
[2022-04-21 12:35:14,985] multiqc                                            [DEBUG  ]  File ignored by hicexplorer because it exceeded search pattern filesize limit: kant2_f_unp_fastqc.html
[2022-04-21 12:35:14,987] multiqc                                            [DEBUG  ]  File ignored by lima/summary because it exceeded search pattern filesize limit: kant2_f_unp_fastqc.html
[2022-04-21 12:35:15,025] multiqc                                            [DEBUG  ]  File ignored by vep/vep_txt because it exceeded search pattern filesize limit: kant2_f_unp_fastqc.html
[2022-04-21 12:35:15,026] multiqc                                            [DEBUG  ]  File ignored by longranger/invocation because it exceeded search pattern filesize limit: kant2_f_unp_fastqc.html
[2022-04-21 12:35:15,210] multiqc                                            [DEBUG  ]  File ignored by nanostat because it exceeded search pattern filesize limit: kant2_f_unp_fastqc.html
[2022-04-21 12:35:15,260] multiqc                                            [DEBUG  ]  File ignored by ccs/v4 because it exceeded search pattern filesize limit: kant1_f_pa_fastqc.html
[2022-04-21 12:35:15,284] multiqc                                            [DEBUG  ]  File ignored by hicexplorer because it exceeded search pattern filesize limit: kant1_f_pa_fastqc.html
[2022-04-21 12:35:15,286] multiqc                                            [DEBUG  ]  File ignored by lima/summary because it exceeded search pattern filesize limit: kant1_f_pa_fastqc.html
[2022-04-21 12:35:15,320] multiqc                                            [DEBUG  ]  File ignored by vep/vep_txt because it exceeded search pattern filesize limit: kant1_f_pa_fastqc.html
[2022-04-21 12:35:15,321] multiqc                                            [DEBUG  ]  File ignored by longranger/invocation because it exceeded search pattern filesize limit: kant1_f_pa_fastqc.html
[2022-04-21 12:35:15,504] multiqc                                            [DEBUG  ]  File ignored by nanostat because it exceeded search pattern filesize limit: kant1_f_pa_fastqc.html
[2022-04-21 12:35:15,556] multiqc                                            [DEBUG  ]  File ignored by ccs/v4 because it exceeded search pattern filesize limit: kant2_r_unp_fastqc.html
[2022-04-21 12:35:15,575] multiqc                                            [DEBUG  ]  File ignored by hicexplorer because it exceeded search pattern filesize limit: kant2_r_unp_fastqc.html
[2022-04-21 12:35:15,577] multiqc                                            [DEBUG  ]  File ignored by lima/summary because it exceeded search pattern filesize limit: kant2_r_unp_fastqc.html
[2022-04-21 12:35:15,616] multiqc                                            [DEBUG  ]  File ignored by vep/vep_txt because it exceeded search pattern filesize limit: kant2_r_unp_fastqc.html
[2022-04-21 12:35:15,617] multiqc                                            [DEBUG  ]  File ignored by longranger/invocation because it exceeded search pattern filesize limit: kant2_r_unp_fastqc.html
[2022-04-21 12:35:15,789] multiqc                                            [DEBUG  ]  File ignored by nanostat because it exceeded search pattern filesize limit: kant2_r_unp_fastqc.html
[2022-04-21 12:35:15,844] multiqc                                            [DEBUG  ]  File ignored by ccs/v4 because it exceeded search pattern filesize limit: kant2_f_pa_fastqc.html
[2022-04-21 12:35:15,863] multiqc                                            [DEBUG  ]  File ignored by hicexplorer because it exceeded search pattern filesize limit: kant2_f_pa_fastqc.html
[2022-04-21 12:35:15,865] multiqc                                            [DEBUG  ]  File ignored by lima/summary because it exceeded search pattern filesize limit: kant2_f_pa_fastqc.html
[2022-04-21 12:35:15,897] multiqc                                            [DEBUG  ]  File ignored by vep/vep_txt because it exceeded search pattern filesize limit: kant2_f_pa_fastqc.html
[2022-04-21 12:35:15,903] multiqc                                            [DEBUG  ]  File ignored by longranger/invocation because it exceeded search pattern filesize limit: kant2_f_pa_fastqc.html
[2022-04-21 12:35:16,080] multiqc                                            [DEBUG  ]  File ignored by nanostat because it exceeded search pattern filesize limit: kant2_f_pa_fastqc.html
[2022-04-21 12:35:16,131] multiqc                                            [DEBUG  ]  File ignored by ccs/v4 because it exceeded search pattern filesize limit: kant1_r_unp_fastqc.html
[2022-04-21 12:35:16,149] multiqc                                            [DEBUG  ]  File ignored by hicexplorer because it exceeded search pattern filesize limit: kant1_r_unp_fastqc.html
[2022-04-21 12:35:16,151] multiqc                                            [DEBUG  ]  File ignored by lima/summary because it exceeded search pattern filesize limit: kant1_r_unp_fastqc.html
[2022-04-21 12:35:16,184] multiqc                                            [DEBUG  ]  File ignored by vep/vep_txt because it exceeded search pattern filesize limit: kant1_r_unp_fastqc.html
[2022-04-21 12:35:16,185] multiqc                                            [DEBUG  ]  File ignored by longranger/invocation because it exceeded search pattern filesize limit: kant1_r_unp_fastqc.html
[2022-04-21 12:35:16,362] multiqc                                            [DEBUG  ]  File ignored by nanostat because it exceeded search pattern filesize limit: kant1_r_unp_fastqc.html
[2022-04-21 12:35:16,409] multiqc                                            [DEBUG  ]  File ignored by ccs/v4 because it exceeded search pattern filesize limit: kant1_f_unp_fastqc.html
[2022-04-21 12:35:16,432] multiqc                                            [DEBUG  ]  File ignored by hicexplorer because it exceeded search pattern filesize limit: kant1_f_unp_fastqc.html
[2022-04-21 12:35:16,434] multiqc                                            [DEBUG  ]  File ignored by lima/summary because it exceeded search pattern filesize limit: kant1_f_unp_fastqc.html
[2022-04-21 12:35:16,468] multiqc                                            [DEBUG  ]  File ignored by vep/vep_txt because it exceeded search pattern filesize limit: kant1_f_unp_fastqc.html
[2022-04-21 12:35:16,469] multiqc                                            [DEBUG  ]  File ignored by longranger/invocation because it exceeded search pattern filesize limit: kant1_f_unp_fastqc.html
[2022-04-21 12:35:16,650] multiqc                                            [DEBUG  ]  File ignored by nanostat because it exceeded search pattern filesize limit: kant1_f_unp_fastqc.html
[2022-04-21 12:35:16,697] multiqc                                            [DEBUG  ]  File ignored by ccs/v4 because it exceeded search pattern filesize limit: kant1_r_pa_fastqc.html
[2022-04-21 12:35:16,715] multiqc                                            [DEBUG  ]  File ignored by hicexplorer because it exceeded search pattern filesize limit: kant1_r_pa_fastqc.html
[2022-04-21 12:35:16,717] multiqc                                            [DEBUG  ]  File ignored by lima/summary because it exceeded search pattern filesize limit: kant1_r_pa_fastqc.html
[2022-04-21 12:35:16,754] multiqc                                            [DEBUG  ]  File ignored by vep/vep_txt because it exceeded search pattern filesize limit: kant1_r_pa_fastqc.html
[2022-04-21 12:35:16,755] multiqc                                            [DEBUG  ]  File ignored by longranger/invocation because it exceeded search pattern filesize limit: kant1_r_pa_fastqc.html
[2022-04-21 12:35:16,931] multiqc                                            [DEBUG  ]  File ignored by nanostat because it exceeded search pattern filesize limit: kant1_r_pa_fastqc.html
[2022-04-21 12:35:16,984] multiqc                                            [DEBUG  ]  File ignored by ccs/v4 because it exceeded search pattern filesize limit: kant2_r_pa_fastqc.html
[2022-04-21 12:35:17,004] multiqc                                            [DEBUG  ]  File ignored by hicexplorer because it exceeded search pattern filesize limit: kant2_r_pa_fastqc.html
[2022-04-21 12:35:17,006] multiqc                                            [DEBUG  ]  File ignored by lima/summary because it exceeded search pattern filesize limit: kant2_r_pa_fastqc.html
[2022-04-21 12:35:17,044] multiqc                                            [DEBUG  ]  File ignored by vep/vep_txt because it exceeded search pattern filesize limit: kant2_r_pa_fastqc.html
[2022-04-21 12:35:17,045] multiqc                                            [DEBUG  ]  File ignored by longranger/invocation because it exceeded search pattern filesize limit: kant2_r_pa_fastqc.html
[2022-04-21 12:35:17,228] multiqc                                            [DEBUG  ]  File ignored by nanostat because it exceeded search pattern filesize limit: kant2_r_pa_fastqc.html
[2022-04-21 12:35:23,597] multiqc.plots.linegraph                            [DEBUG  ]  Using matplotlib version 3.5.1
[2022-04-21 12:35:23,630] multiqc.plots.bargraph                             [DEBUG  ]  Using matplotlib version 3.5.1
[2022-04-21 12:35:24,292] multiqc.modules.fastqc.fastqc                      [INFO   ]  Found 8 reports
[2022-04-21 12:35:24,695] multiqc                                            [INFO   ]  Compressing plot data
[2022-04-21 12:35:24,848] multiqc                                            [INFO   ]  Report      : data/QC/multiqc_report2trk/Trimmed_multiqc_report.html
[2022-04-21 12:35:24,849] multiqc                                            [INFO   ]  Data        : data/QC/multiqc_report2trk/Trimmed_multiqc_report_data
[2022-04-21 12:35:24,849] multiqc                                            [DEBUG  ]  Moving data file from '/tmp/tmp_fm1mg_m/multiqc_data' to 'data/QC/multiqc_report2trk/Trimmed_multiqc_report_data'
[2022-04-21 12:35:25,773] multiqc                                            [INFO   ]  MultiQC complete
